<?xml version="1.0" encoding="UTF-8"?>
<testsuites name="NewTestDemo" time="0.341" tests="1" failures="0" errors="0">
   <testsuite name="NewTestDemo" tests="1" failures="0" errors="0" time="0.341" skipped="0" timestamp="18-10-2024T18:39:23" hostname="HP - 192.168.1.8" id="Test Suites/NewTestDemo">
      <properties>
         <property name="deviceName" value=""/>
         <property name="devicePlatform"/>
         <property name="logFolder" value="C:\\Users\\HP\\git\\KatalonGitDemo1\\Reports\\20241018_183912\\NewTestDemo\\20241018_183912"/>
         <property name="logFiles" value="C:\\Users\\HP\\git\\KatalonGitDemo1\\Reports\\20241018_183912\\NewTestDemo\\20241018_183912\\execution0.log"/>
         <property name="attachments" value=""/>
         <property name="hostName" value="HP - 192.168.1.8"/>
         <property name="hostAddress" value="192.168.1.8"/>
         <property name="os" value="Windows 11 64bit"/>
         <property name="katalonVersion" value="9.7.2.223"/>
      </properties>
      <testcase name="Test Cases/NewDemoTest" time="0.178" classname="Test Cases/NewDemoTest" status="PASSED">
         <system-out><![CDATA[18-10-2024T18:39:23 - [TEST_CASE][PASSED] - Test Cases/NewDemoTest: Test Cases/NewDemoTest

18-10-2024T18:39:23 - [TEST_STEP][PASSED] - return null: null]]></system-out>
         <system-err><![CDATA[]]></system-err>
      </testcase>
      <system-out><![CDATA[18-10-2024T18:39:23 - [TEST_SUITE][PASSED] - NewTestDemo: Test Cases/NewDemoTest]]></system-out>
      <system-err><![CDATA[]]></system-err>
   </testsuite>
</testsuites>
